<?xml version="1.0" encoding="UTF-8"?>
<!-- Generated by org.testng.reporters.JUnitXMLReporter -->
<testsuite ignored="0" hostname="DESKTOP-6SV49MU" failures="0" tests="6" name="Default test" time="45.395" errors="0" timestamp="2024-06-24T17:05:00 IST">
  <testcase classname="test.Capston" name="verifylogin" time="17.658"/>
  <testcase classname="test.Capston" name="login" time="0.461"/>
  <testcase classname="test.Capston" name="inventory" time="3.661"/>
  <testcase classname="test.Capston" name="cart" time="3.42"/>
  <testcase classname="test.Capston" name="checkout" time="7.017"/>
  <testcase classname="test.Capston" name="complete" time="6.861"/>
</testsuite> <!-- Default test -->
