<?xml version="1.0" encoding="UTF-8"?>
<testng-results ignored="0" total="6" passed="6" failed="0" skipped="0">
  <reporter-output>
  </reporter-output>
  <suite started-at="2024-06-24T17:04:14 IST" name="Default suite" finished-at="2024-06-24T17:04:59 IST" duration-ms="45395">
    <groups>
    </groups>
    <test started-at="2024-06-24T17:04:14 IST" name="Default test" finished-at="2024-06-24T17:04:59 IST" duration-ms="45395">
      <class name="test.Capston">
        <test-method is-config="true" signature="url()[pri:0, instance:test.Capston@222545dc]" started-at="2024-06-24T17:04:14 IST" name="url" finished-at="2024-06-24T17:04:20 IST" duration-ms="5767" status="PASS">
          <reporter-output>
          </reporter-output>
        </test-method> <!-- url -->
        <test-method signature="verifylogin()[pri:1, instance:test.Capston@222545dc]" started-at="2024-06-24T17:04:20 IST" name="verifylogin" finished-at="2024-06-24T17:04:38 IST" duration-ms="17658" status="PASS">
          <reporter-output>
          </reporter-output>
        </test-method> <!-- verifylogin -->
        <test-method signature="login()[pri:2, instance:test.Capston@222545dc]" started-at="2024-06-24T17:04:38 IST" name="login" finished-at="2024-06-24T17:04:38 IST" duration-ms="461" status="PASS">
          <reporter-output>
          </reporter-output>
        </test-method> <!-- login -->
        <test-method signature="inventory()[pri:0, instance:test.Capston@222545dc]" started-at="2024-06-24T17:04:38 IST" name="inventory" finished-at="2024-06-24T17:04:42 IST" depends-on-methods="test.Capston.login" duration-ms="3661" status="PASS">
          <reporter-output>
          </reporter-output>
        </test-method> <!-- inventory -->
        <test-method signature="cart()[pri:0, instance:test.Capston@222545dc]" started-at="2024-06-24T17:04:42 IST" name="cart" finished-at="2024-06-24T17:04:45 IST" depends-on-methods="test.Capston.inventory" duration-ms="3420" status="PASS">
          <reporter-output>
          </reporter-output>
        </test-method> <!-- cart -->
        <test-method signature="checkout()[pri:0, instance:test.Capston@222545dc]" started-at="2024-06-24T17:04:45 IST" name="checkout" finished-at="2024-06-24T17:04:52 IST" depends-on-methods="test.Capston.cart" duration-ms="7017" status="PASS">
          <reporter-output>
          </reporter-output>
        </test-method> <!-- checkout -->
        <test-method signature="complete()[pri:0, instance:test.Capston@222545dc]" started-at="2024-06-24T17:04:52 IST" name="complete" finished-at="2024-06-24T17:04:59 IST" depends-on-methods="test.Capston.checkout" duration-ms="6861" status="PASS">
          <reporter-output>
          </reporter-output>
        </test-method> <!-- complete -->
        <test-method is-config="true" signature="close()[pri:0, instance:test.Capston@222545dc]" started-at="2024-06-24T17:04:59 IST" name="close" finished-at="2024-06-24T17:04:59 IST" duration-ms="343" status="PASS">
          <reporter-output>
          </reporter-output>
        </test-method> <!-- close -->
      </class> <!-- test.Capston -->
    </test> <!-- Default test -->
  </suite> <!-- Default suite -->
</testng-results>
